  [1m[35m (468.6ms)[0m  [1m[35mCREATE DATABASE "mister-cocktail_development" ENCODING = 'unicode'[0m
  ↳ bin/rake:9
  [1m[35m (346.3ms)[0m  [1m[35mCREATE DATABASE "mister-cocktail_test" ENCODING = 'unicode'[0m
  ↳ bin/rake:9
  [1m[35m (19.7ms)[0m  [1m[35mCREATE TABLE "schema_migrations" ("version" character varying NOT NULL PRIMARY KEY)[0m
  ↳ bin/rails:9
  [1m[35m (26.1ms)[0m  [1m[35mCREATE TABLE "ar_internal_metadata" ("key" character varying NOT NULL PRIMARY KEY, "value" character varying, "created_at" timestamp NOT NULL, "updated_at" timestamp NOT NULL)[0m
  ↳ bin/rails:9
  [1m[35m (0.7ms)[0m  [1m[34mSELECT pg_try_advisory_lock(2162894898600432150)[0m
  ↳ bin/rails:9
  [1m[35m (0.9ms)[0m  [1m[34mSELECT "schema_migrations"."version" FROM "schema_migrations" ORDER BY "schema_migrations"."version" ASC[0m
  ↳ bin/rails:9
  [1m[36mActiveRecord::InternalMetadata Load (0.6ms)[0m  [1m[34mSELECT  "ar_internal_metadata".* FROM "ar_internal_metadata" WHERE "ar_internal_metadata"."key" = $1 LIMIT $2[0m  [["key", "environment"], ["LIMIT", 1]]
  ↳ bin/rails:9
  [1m[35m (0.2ms)[0m  [1m[35mBEGIN[0m
  ↳ bin/rails:9
  [1m[36mActiveRecord::InternalMetadata Create (25.6ms)[0m  [1m[32mINSERT INTO "ar_internal_metadata" ("key", "value", "created_at", "updated_at") VALUES ($1, $2, $3, $4) RETURNING "key"[0m  [["key", "environment"], ["value", "development"], ["created_at", "2018-11-01 16:43:25.803189"], ["updated_at", "2018-11-01 16:43:25.803189"]]
  ↳ bin/rails:9
  [1m[35m (0.5ms)[0m  [1m[35mCOMMIT[0m
  ↳ bin/rails:9
  [1m[35m (0.3ms)[0m  [1m[34mSELECT pg_advisory_unlock(2162894898600432150)[0m
  ↳ bin/rails:9
  [1m[35m (0.4ms)[0m  [1m[34mSELECT "schema_migrations"."version" FROM "schema_migrations" ORDER BY "schema_migrations"."version" ASC[0m
  ↳ bin/rails:9
  [1m[35m (0.5ms)[0m  [1m[34mSELECT "schema_migrations"."version" FROM "schema_migrations" ORDER BY "schema_migrations"."version" ASC[0m
  ↳ bin/rails:9
  [1m[35m (0.2ms)[0m  [1m[34mSELECT "schema_migrations"."version" FROM "schema_migrations" ORDER BY "schema_migrations"."version" ASC[0m
  ↳ bin/rails:9
  [1m[35m (190.8ms)[0m  [1m[35mDROP DATABASE IF EXISTS "mister-cocktail_test"[0m
  ↳ bin/rails:9
  [1m[35m (496.7ms)[0m  [1m[35mCREATE DATABASE "mister-cocktail_test" ENCODING = 'unicode'[0m
  ↳ bin/rails:9
  [1m[35mSQL (1.1ms)[0m  [1m[35mCREATE EXTENSION IF NOT EXISTS "plpgsql"[0m
  ↳ db/schema.rb:16
  [1m[35m (4.4ms)[0m  [1m[35mCREATE TABLE "schema_migrations" ("version" character varying NOT NULL PRIMARY KEY)[0m
  ↳ db/schema.rb:13
  [1m[35m (0.7ms)[0m  [1m[34mSELECT "schema_migrations"."version" FROM "schema_migrations" ORDER BY "schema_migrations"."version" ASC[0m
  ↳ db/schema.rb:13
  [1m[35m (0.7ms)[0m  [1m[32mINSERT INTO "schema_migrations" (version) VALUES (0)[0m
  ↳ db/schema.rb:13
  [1m[35m (20.7ms)[0m  [1m[35mCREATE TABLE "ar_internal_metadata" ("key" character varying NOT NULL PRIMARY KEY, "value" character varying, "created_at" timestamp NOT NULL, "updated_at" timestamp NOT NULL)[0m
  ↳ db/schema.rb:13
  [1m[36mActiveRecord::InternalMetadata Load (0.5ms)[0m  [1m[34mSELECT  "ar_internal_metadata".* FROM "ar_internal_metadata" WHERE "ar_internal_metadata"."key" = $1 LIMIT $2[0m  [["key", "environment"], ["LIMIT", 1]]
  ↳ db/schema.rb:13
  [1m[35m (0.2ms)[0m  [1m[35mBEGIN[0m
  ↳ db/schema.rb:13
  [1m[36mActiveRecord::InternalMetadata Create (0.6ms)[0m  [1m[32mINSERT INTO "ar_internal_metadata" ("key", "value", "created_at", "updated_at") VALUES ($1, $2, $3, $4) RETURNING "key"[0m  [["key", "environment"], ["value", "development"], ["created_at", "2018-11-01 16:43:38.966976"], ["updated_at", "2018-11-01 16:43:38.966976"]]
  ↳ db/schema.rb:13
  [1m[35m (6.0ms)[0m  [1m[35mCOMMIT[0m
  ↳ db/schema.rb:13
  [1m[36mActiveRecord::InternalMetadata Load (11.6ms)[0m  [1m[34mSELECT  "ar_internal_metadata".* FROM "ar_internal_metadata" WHERE "ar_internal_metadata"."key" = $1 LIMIT $2[0m  [["key", "environment"], ["LIMIT", 1]]
  ↳ bin/rails:9
  [1m[35m (0.2ms)[0m  [1m[35mBEGIN[0m
  ↳ bin/rails:9
  [1m[36mActiveRecord::InternalMetadata Update (23.7ms)[0m  [1m[33mUPDATE "ar_internal_metadata" SET "value" = $1, "updated_at" = $2 WHERE "ar_internal_metadata"."key" = $3[0m  [["value", "test"], ["updated_at", "2018-11-01 16:43:38.991703"], ["key", "environment"]]
  ↳ bin/rails:9
  [1m[35m (0.4ms)[0m  [1m[35mCOMMIT[0m
  ↳ bin/rails:9
  [1m[35m (0.6ms)[0m  [1m[34mSELECT pg_try_advisory_lock(2162894898600432150)[0m
  ↳ bin/rails:9
  [1m[35m (0.5ms)[0m  [1m[34mSELECT "schema_migrations"."version" FROM "schema_migrations" ORDER BY "schema_migrations"."version" ASC[0m
  ↳ bin/rails:9
Migrating to CreateCocktails (20181101173121)
  [1m[35m (0.2ms)[0m  [1m[35mBEGIN[0m
  ↳ bin/rails:9
  [1m[35m (32.7ms)[0m  [1m[35mCREATE TABLE "cocktails" ("id" bigserial primary key, "name" character varying, "created_at" timestamp NOT NULL, "updated_at" timestamp NOT NULL)[0m
  ↳ db/migrate/20181101173121_create_cocktails.rb:3
  [1m[36mActiveRecord::SchemaMigration Create (1.3ms)[0m  [1m[32mINSERT INTO "schema_migrations" ("version") VALUES ($1) RETURNING "version"[0m  [["version", "20181101173121"]]
  ↳ bin/rails:9
  [1m[35m (0.9ms)[0m  [1m[35mCOMMIT[0m
  ↳ bin/rails:9
Migrating to CreateIngredients (20181101173302)
  [1m[35m (6.3ms)[0m  [1m[35mBEGIN[0m
  ↳ bin/rails:9
  [1m[35m (21.7ms)[0m  [1m[35mCREATE TABLE "ingredients" ("id" bigserial primary key, "name" character varying, "created_at" timestamp NOT NULL, "updated_at" timestamp NOT NULL)[0m
  ↳ db/migrate/20181101173302_create_ingredients.rb:3
  [1m[36mActiveRecord::SchemaMigration Create (0.9ms)[0m  [1m[32mINSERT INTO "schema_migrations" ("version") VALUES ($1) RETURNING "version"[0m  [["version", "20181101173302"]]
  ↳ bin/rails:9
  [1m[35m (0.7ms)[0m  [1m[35mCOMMIT[0m
  ↳ bin/rails:9
Migrating to CreateDoses (20181101173426)
  [1m[35m (6.3ms)[0m  [1m[35mBEGIN[0m
  ↳ bin/rails:9
  [1m[35m (24.3ms)[0m  [1m[35mCREATE TABLE "doses" ("id" bigserial primary key, "description" character varying, "cocktail_id" bigint, "ingredient_id" bigint, "created_at" timestamp NOT NULL, "updated_at" timestamp NOT NULL, CONSTRAINT "fk_rails_48b6f209c2"
FOREIGN KEY ("cocktail_id")
  REFERENCES "cocktails" ("id")
, CONSTRAINT "fk_rails_961afcf26a"
FOREIGN KEY ("ingredient_id")
  REFERENCES "ingredients" ("id")
)[0m
  ↳ db/migrate/20181101173426_create_doses.rb:3
  [1m[35m (3.3ms)[0m  [1m[35mCREATE  INDEX  "index_doses_on_cocktail_id" ON "doses"  ("cocktail_id")[0m
  ↳ db/migrate/20181101173426_create_doses.rb:3
  [1m[35m (2.7ms)[0m  [1m[35mCREATE  INDEX  "index_doses_on_ingredient_id" ON "doses"  ("ingredient_id")[0m
  ↳ db/migrate/20181101173426_create_doses.rb:3
  [1m[36mActiveRecord::SchemaMigration Create (0.7ms)[0m  [1m[32mINSERT INTO "schema_migrations" ("version") VALUES ($1) RETURNING "version"[0m  [["version", "20181101173426"]]
  ↳ bin/rails:9
  [1m[35m (2.4ms)[0m  [1m[35mCOMMIT[0m
  ↳ bin/rails:9
  [1m[36mActiveRecord::InternalMetadata Load (1.4ms)[0m  [1m[34mSELECT  "ar_internal_metadata".* FROM "ar_internal_metadata" WHERE "ar_internal_metadata"."key" = $1 LIMIT $2[0m  [["key", "environment"], ["LIMIT", 1]]
  ↳ bin/rails:9
  [1m[35m (0.4ms)[0m  [1m[35mBEGIN[0m
  ↳ bin/rails:9
  [1m[35m (0.2ms)[0m  [1m[35mCOMMIT[0m
  ↳ bin/rails:9
  [1m[35m (0.3ms)[0m  [1m[34mSELECT pg_advisory_unlock(2162894898600432150)[0m
  ↳ bin/rails:9
  [1m[35m (0.3ms)[0m  [1m[34mSELECT "schema_migrations"."version" FROM "schema_migrations" ORDER BY "schema_migrations"."version" ASC[0m
  ↳ bin/rails:9
  [1m[36mCocktail Load (1.0ms)[0m  [1m[34mSELECT  "cocktails".* FROM "cocktails" LIMIT $1[0m  [["LIMIT", 11]]
  [1m[35m (0.2ms)[0m  [1m[35mBEGIN[0m
  [1m[36mCocktail Exists (1.9ms)[0m  [1m[34mSELECT  1 AS one FROM "cocktails" WHERE "cocktails"."name" = $1 LIMIT $2[0m  [["name", "Puinga"], ["LIMIT", 1]]
  [1m[36mCocktail Create (1.8ms)[0m  [1m[32mINSERT INTO "cocktails" ("name", "created_at", "updated_at") VALUES ($1, $2, $3) RETURNING "id"[0m  [["name", "Puinga"], ["created_at", "2018-11-01 20:25:51.135346"], ["updated_at", "2018-11-01 20:25:51.135346"]]
  [1m[35m (0.5ms)[0m  [1m[35mCOMMIT[0m
  [1m[36mCocktail Load (0.5ms)[0m  [1m[34mSELECT  "cocktails".* FROM "cocktails" LIMIT $1[0m  [["LIMIT", 11]]
Started GET "/tasks" for 127.0.0.1 at 2018-11-01 18:29:38 -0200
  [1m[35m (24.4ms)[0m  [1m[34mSELECT "schema_migrations"."version" FROM "schema_migrations" ORDER BY "schema_migrations"."version" ASC[0m
  ↳ /Users/gpineappleb/.rbenv/versions/2.4.4/lib/ruby/gems/2.4.0/gems/activerecord-5.2.1/lib/active_record/log_subscriber.rb:98
  
ActionController::RoutingError (No route matches [GET] "/tasks"):
  
actionpack (5.2.1) lib/action_dispatch/middleware/debug_exceptions.rb:65:in `call'
web-console (3.7.0) lib/web_console/middleware.rb:135:in `call_app'
web-console (3.7.0) lib/web_console/middleware.rb:30:in `block in call'
web-console (3.7.0) lib/web_console/middleware.rb:20:in `catch'
web-console (3.7.0) lib/web_console/middleware.rb:20:in `call'
actionpack (5.2.1) lib/action_dispatch/middleware/show_exceptions.rb:33:in `call'
railties (5.2.1) lib/rails/rack/logger.rb:38:in `call_app'
railties (5.2.1) lib/rails/rack/logger.rb:26:in `block in call'
activesupport (5.2.1) lib/active_support/tagged_logging.rb:71:in `block in tagged'
activesupport (5.2.1) lib/active_support/tagged_logging.rb:28:in `tagged'
activesupport (5.2.1) lib/active_support/tagged_logging.rb:71:in `tagged'
railties (5.2.1) lib/rails/rack/logger.rb:26:in `call'
sprockets-rails (3.2.1) lib/sprockets/rails/quiet_assets.rb:13:in `call'
actionpack (5.2.1) lib/action_dispatch/middleware/remote_ip.rb:81:in `call'
actionpack (5.2.1) lib/action_dispatch/middleware/request_id.rb:27:in `call'
rack (2.0.5) lib/rack/method_override.rb:22:in `call'
rack (2.0.5) lib/rack/runtime.rb:22:in `call'
activesupport (5.2.1) lib/active_support/cache/strategy/local_cache_middleware.rb:29:in `call'
actionpack (5.2.1) lib/action_dispatch/middleware/executor.rb:14:in `call'
actionpack (5.2.1) lib/action_dispatch/middleware/static.rb:127:in `call'
rack (2.0.5) lib/rack/sendfile.rb:111:in `call'
webpacker (3.5.5) lib/webpacker/dev_server_proxy.rb:22:in `perform_request'
rack-proxy (0.6.5) lib/rack/proxy.rb:57:in `call'
railties (5.2.1) lib/rails/engine.rb:524:in `call'
puma (3.12.0) lib/puma/configuration.rb:225:in `call'
puma (3.12.0) lib/puma/server.rb:658:in `handle_request'
puma (3.12.0) lib/puma/server.rb:472:in `process_client'
puma (3.12.0) lib/puma/server.rb:332:in `block in run'
puma (3.12.0) lib/puma/thread_pool.rb:133:in `block in spawn_thread'
Started GET "/" for 127.0.0.1 at 2018-11-01 18:29:44 -0200
Processing by Rails::WelcomeController#index as HTML
  Rendering /Users/gpineappleb/.rbenv/versions/2.4.4/lib/ruby/gems/2.4.0/gems/railties-5.2.1/lib/rails/templates/rails/welcome/index.html.erb
  Rendered /Users/gpineappleb/.rbenv/versions/2.4.4/lib/ruby/gems/2.4.0/gems/railties-5.2.1/lib/rails/templates/rails/welcome/index.html.erb (5.2ms)
Completed 200 OK in 21ms (Views: 14.1ms | ActiveRecord: 0.0ms)


Started GET "/cocktails" for 127.0.0.1 at 2018-11-01 18:29:57 -0200
Processing by CocktailsController#index as HTML
  Rendering cocktails/index.html.erb within layouts/application
  Rendered cocktails/index.html.erb within layouts/application (1.2ms)
[Webpacker] Compiling…
[Webpacker] Compiled all packs in /Users/gpineappleb/code/gbs0/rails_demo/mister-cocktail/public/packs
Completed 200 OK in 10398ms (Views: 10364.6ms | ActiveRecord: 0.0ms)


Started GET "/cocktails/1" for 127.0.0.1 at 2018-11-01 18:30:08 -0200
Processing by CocktailsController#show as HTML
  Parameters: {"id"=>"1"}
  [1m[36mCocktail Load (1.7ms)[0m  [1m[34mSELECT  "cocktails".* FROM "cocktails" WHERE "cocktails"."id" = $1 LIMIT $2[0m  [["id", 1], ["LIMIT", 1]]
  ↳ app/controllers/cocktails_controller.rb:67
  [1m[36mCACHE Cocktail Load (0.0ms)[0m  [1m[34mSELECT  "cocktails".* FROM "cocktails" WHERE "cocktails"."id" = $1 LIMIT $2[0m  [["id", 1], ["LIMIT", 1]]
  ↳ app/controllers/cocktails_controller.rb:13
  Rendering cocktails/show.html.erb within layouts/application
  Rendered cocktails/show.html.erb within layouts/application (2.2ms)
Completed 200 OK in 159ms (Views: 84.0ms | ActiveRecord: 45.0ms)


Started GET "/cocktails/1" for 127.0.0.1 at 2018-11-01 18:30:36 -0200
Processing by CocktailsController#show as HTML
  Parameters: {"id"=>"1"}
  [1m[36mCocktail Load (0.4ms)[0m  [1m[34mSELECT  "cocktails".* FROM "cocktails" WHERE "cocktails"."id" = $1 LIMIT $2[0m  [["id", 1], ["LIMIT", 1]]
  ↳ app/controllers/cocktails_controller.rb:67
  [1m[36mCACHE Cocktail Load (0.1ms)[0m  [1m[34mSELECT  "cocktails".* FROM "cocktails" WHERE "cocktails"."id" = $1 LIMIT $2[0m  [["id", 1], ["LIMIT", 1]]
  ↳ app/controllers/cocktails_controller.rb:13
  Rendering cocktails/show.html.erb within layouts/application
  Rendered cocktails/show.html.erb within layouts/application (0.9ms)
Completed 200 OK in 57ms (Views: 51.3ms | ActiveRecord: 0.5ms)


Started GET "/" for 127.0.0.1 at 2018-11-02 12:52:37 -0200
  [1m[35m (2.5ms)[0m  [1m[34mSELECT "schema_migrations"."version" FROM "schema_migrations" ORDER BY "schema_migrations"."version" ASC[0m
  ↳ /Users/gpineappleb/.rbenv/versions/2.4.4/lib/ruby/gems/2.4.0/gems/activerecord-5.2.1/lib/active_record/log_subscriber.rb:98
Processing by Rails::WelcomeController#index as HTML
  Rendering /Users/gpineappleb/.rbenv/versions/2.4.4/lib/ruby/gems/2.4.0/gems/railties-5.2.1/lib/rails/templates/rails/welcome/index.html.erb
  Rendered /Users/gpineappleb/.rbenv/versions/2.4.4/lib/ruby/gems/2.4.0/gems/railties-5.2.1/lib/rails/templates/rails/welcome/index.html.erb (4.0ms)
Completed 200 OK in 30ms (Views: 15.4ms | ActiveRecord: 0.0ms)


Started GET "/cocktails" for 127.0.0.1 at 2018-11-02 12:52:41 -0200
Processing by CocktailsController#index as HTML
  Rendering cocktails/index.html.erb within layouts/application
  Rendered cocktails/index.html.erb within layouts/application (0.9ms)
Completed 200 OK in 1522ms (Views: 1492.9ms | ActiveRecord: 0.0ms)


Started GET "/cocktails/new" for 127.0.0.1 at 2018-11-02 12:52:51 -0200
Processing by CocktailsController#new as HTML
  Rendering cocktails/new.html.erb within layouts/application
  Rendered cocktails/new.html.erb within layouts/application (0.4ms)
Completed 200 OK in 155ms (Views: 78.2ms | ActiveRecord: 56.7ms)


